2012/06/25 19:30:16 [error] [php] file_get_contents(/var/www/html/NetBeans/NHM/jacq-yii/protected/models/AcquisitionDate.php): failed to open stream: No such file or directory (/var/www/html/NetBeans/NHM/jacq-yii/yii-1.1.10/gii/CCodeFile.php:56)
Stack trace:
#0 /var/www/html/NetBeans/NHM/jacq-yii/yii-1.1.10/gii/CCodeGenerator.php(161): ModelCode->prepare()
#1 /var/www/html/NetBeans/NHM/jacq-yii/yii-1.1.10/gii/CCodeGenerator.php(64): ModelGenerator->prepare()
#2 /var/www/html/NetBeans/NHM/jacq-yii/yii-1.1.10/web/actions/CInlineAction.php(50): ModelGenerator->actionIndex()
#3 /var/www/html/NetBeans/NHM/jacq-yii/yii-1.1.10/web/CController.php(309): CInlineAction->runWithParams()
#4 /var/www/html/NetBeans/NHM/jacq-yii/yii-1.1.10/web/CController.php(287): ModelGenerator->runAction()
#5 /var/www/html/NetBeans/NHM/jacq-yii/yii-1.1.10/web/CController.php(266): ModelGenerator->runActionWithFilters()
#6 /var/www/html/NetBeans/NHM/jacq-yii/yii-1.1.10/web/CWebApplication.php(276): ModelGenerator->run()
#7 /var/www/html/NetBeans/NHM/jacq-yii/yii-1.1.10/web/CWebApplication.php(135): CWebApplication->runController()
#8 /var/www/html/NetBeans/NHM/jacq-yii/yii-1.1.10/base/CApplication.php(162): CWebApplication->processRequest()
#9 /var/www/html/NetBeans/NHM/jacq-yii/index.php(13): CWebApplication->run()
REQUEST_URI=/NetBeans/NHM/jacq-yii/index.php?r=gii/model
in /var/www/html/NetBeans/NHM/jacq-yii/index.php (13)
2012/06/25 19:30:23 [error] [php] file_get_contents(/var/www/html/NetBeans/NHM/jacq-yii/protected/models/LivingPlant.php): failed to open stream: No such file or directory (/var/www/html/NetBeans/NHM/jacq-yii/yii-1.1.10/gii/CCodeFile.php:56)
Stack trace:
#0 /var/www/html/NetBeans/NHM/jacq-yii/yii-1.1.10/gii/CCodeGenerator.php(161): ModelCode->prepare()
#1 /var/www/html/NetBeans/NHM/jacq-yii/yii-1.1.10/gii/CCodeGenerator.php(64): ModelGenerator->prepare()
#2 /var/www/html/NetBeans/NHM/jacq-yii/yii-1.1.10/web/actions/CInlineAction.php(50): ModelGenerator->actionIndex()
#3 /var/www/html/NetBeans/NHM/jacq-yii/yii-1.1.10/web/CController.php(309): CInlineAction->runWithParams()
#4 /var/www/html/NetBeans/NHM/jacq-yii/yii-1.1.10/web/CController.php(287): ModelGenerator->runAction()
#5 /var/www/html/NetBeans/NHM/jacq-yii/yii-1.1.10/web/CController.php(266): ModelGenerator->runActionWithFilters()
#6 /var/www/html/NetBeans/NHM/jacq-yii/yii-1.1.10/web/CWebApplication.php(276): ModelGenerator->run()
#7 /var/www/html/NetBeans/NHM/jacq-yii/yii-1.1.10/web/CWebApplication.php(135): CWebApplication->runController()
#8 /var/www/html/NetBeans/NHM/jacq-yii/yii-1.1.10/base/CApplication.php(162): CWebApplication->processRequest()
#9 /var/www/html/NetBeans/NHM/jacq-yii/index.php(13): CWebApplication->run()
REQUEST_URI=/NetBeans/NHM/jacq-yii/index.php?r=gii/model
in /var/www/html/NetBeans/NHM/jacq-yii/index.php (13)
2012/06/25 19:30:43 [error] [php] file_get_contents(/var/www/html/NetBeans/NHM/jacq-yii/protected/models/Site.php): failed to open stream: No such file or directory (/var/www/html/NetBeans/NHM/jacq-yii/yii-1.1.10/gii/CCodeFile.php:56)
Stack trace:
#0 /var/www/html/NetBeans/NHM/jacq-yii/yii-1.1.10/gii/CCodeGenerator.php(161): ModelCode->prepare()
#1 /var/www/html/NetBeans/NHM/jacq-yii/yii-1.1.10/gii/CCodeGenerator.php(64): ModelGenerator->prepare()
#2 /var/www/html/NetBeans/NHM/jacq-yii/yii-1.1.10/web/actions/CInlineAction.php(50): ModelGenerator->actionIndex()
#3 /var/www/html/NetBeans/NHM/jacq-yii/yii-1.1.10/web/CController.php(309): CInlineAction->runWithParams()
#4 /var/www/html/NetBeans/NHM/jacq-yii/yii-1.1.10/web/CController.php(287): ModelGenerator->runAction()
#5 /var/www/html/NetBeans/NHM/jacq-yii/yii-1.1.10/web/CController.php(266): ModelGenerator->runActionWithFilters()
#6 /var/www/html/NetBeans/NHM/jacq-yii/yii-1.1.10/web/CWebApplication.php(276): ModelGenerator->run()
#7 /var/www/html/NetBeans/NHM/jacq-yii/yii-1.1.10/web/CWebApplication.php(135): CWebApplication->runController()
#8 /var/www/html/NetBeans/NHM/jacq-yii/yii-1.1.10/base/CApplication.php(162): CWebApplication->processRequest()
#9 /var/www/html/NetBeans/NHM/jacq-yii/index.php(13): CWebApplication->run()
REQUEST_URI=/NetBeans/NHM/jacq-yii/index.php?r=gii/model
in /var/www/html/NetBeans/NHM/jacq-yii/index.php (13)
2012/06/25 19:36:15 [error] [php] Missing argument 3 for CActiveForm::dropDownList(), called in /var/www/html/NetBeans/NHM/jacq-yii/protected/views/site/_form.php on line 44 and defined (/var/www/html/NetBeans/NHM/jacq-yii/yii-1.1.10/web/widgets/CActiveForm.php:679)
Stack trace:
#0 /var/www/html/NetBeans/NHM/jacq-yii/yii-1.1.10/web/CBaseController.php(96): SiteController->renderInternal()
#1 /var/www/html/NetBeans/NHM/jacq-yii/yii-1.1.10/web/CController.php(870): SiteController->renderFile()
#2 /var/www/html/NetBeans/NHM/jacq-yii/protected/views/site/create.php(15): SiteController->renderPartial()
#3 /var/www/html/NetBeans/NHM/jacq-yii/yii-1.1.10/web/CBaseController.php(127): require()
#4 /var/www/html/NetBeans/NHM/jacq-yii/yii-1.1.10/web/CBaseController.php(96): SiteController->renderInternal()
#5 /var/www/html/NetBeans/NHM/jacq-yii/yii-1.1.10/web/CController.php(870): SiteController->renderFile()
#6 /var/www/html/NetBeans/NHM/jacq-yii/yii-1.1.10/web/CController.php(783): SiteController->renderPartial()
#7 /var/www/html/NetBeans/NHM/jacq-yii/protected/controllers/SiteController.php(78): SiteController->render()
#8 /var/www/html/NetBeans/NHM/jacq-yii/yii-1.1.10/web/actions/CInlineAction.php(50): SiteController->actionCreate()
#9 /var/www/html/NetBeans/NHM/jacq-yii/yii-1.1.10/web/CController.php(309): CInlineAction->runWithParams()
#10 /var/www/html/NetBeans/NHM/jacq-yii/yii-1.1.10/web/filters/CFilterChain.php(134): SiteController->runAction()
#11 /var/www/html/NetBeans/NHM/jacq-yii/yii-1.1.10/web/filters/CFilter.php(41): CFilterChain->run()
#12 /var/www/html/NetBeans/NHM/jacq-yii/yii-1.1.10/web/CController.php(1146): CAccessControlFilter->filter()
#13 /var/www/html/NetBeans/NHM/jacq-yii/yii-1.1.10/web/filters/CInlineFilter.php(59): SiteController->filterAccessControl()
#14 /var/www/html/NetBeans/NHM/jacq-yii/yii-1.1.10/web/filters/CFilterChain.php(131): CInlineFilter->filter()
#15 /var/www/html/NetBeans/NHM/jacq-yii/yii-1.1.10/web/CController.php(292): CFilterChain->run()
#16 /var/www/html/NetBeans/NHM/jacq-yii/yii-1.1.10/web/CController.php(266): SiteController->runActionWithFilters()
#17 /var/www/html/NetBeans/NHM/jacq-yii/yii-1.1.10/web/CWebApplication.php(276): SiteController->run()
#18 /var/www/html/NetBeans/NHM/jacq-yii/yii-1.1.10/web/CWebApplication.php(135): CWebApplication->runController()
#19 /var/www/html/NetBeans/NHM/jacq-yii/yii-1.1.10/base/CApplication.php(162): CWebApplication->processRequest()
#20 /var/www/html/NetBeans/NHM/jacq-yii/index.php(13): CWebApplication->run()
REQUEST_URI=/NetBeans/NHM/jacq-yii/index.php?r=site/create
in /var/www/html/NetBeans/NHM/jacq-yii/protected/views/site/_form.php (44)
in /var/www/html/NetBeans/NHM/jacq-yii/protected/views/site/create.php (15)
in /var/www/html/NetBeans/NHM/jacq-yii/protected/controllers/SiteController.php (78)
2012/06/25 19:37:08 [error] [php] Missing argument 3 for CActiveForm::dropDownList(), called in /var/www/html/NetBeans/NHM/jacq-yii/protected/views/site/_form.php on line 46 and defined (/var/www/html/NetBeans/NHM/jacq-yii/yii-1.1.10/web/widgets/CActiveForm.php:679)
Stack trace:
#0 /var/www/html/NetBeans/NHM/jacq-yii/yii-1.1.10/web/CBaseController.php(96): SiteController->renderInternal()
#1 /var/www/html/NetBeans/NHM/jacq-yii/yii-1.1.10/web/CController.php(870): SiteController->renderFile()
#2 /var/www/html/NetBeans/NHM/jacq-yii/protected/views/site/create.php(15): SiteController->renderPartial()
#3 /var/www/html/NetBeans/NHM/jacq-yii/yii-1.1.10/web/CBaseController.php(127): require()
#4 /var/www/html/NetBeans/NHM/jacq-yii/yii-1.1.10/web/CBaseController.php(96): SiteController->renderInternal()
#5 /var/www/html/NetBeans/NHM/jacq-yii/yii-1.1.10/web/CController.php(870): SiteController->renderFile()
#6 /var/www/html/NetBeans/NHM/jacq-yii/yii-1.1.10/web/CController.php(783): SiteController->renderPartial()
#7 /var/www/html/NetBeans/NHM/jacq-yii/protected/controllers/SiteController.php(78): SiteController->render()
#8 /var/www/html/NetBeans/NHM/jacq-yii/yii-1.1.10/web/actions/CInlineAction.php(50): SiteController->actionCreate()
#9 /var/www/html/NetBeans/NHM/jacq-yii/yii-1.1.10/web/CController.php(309): CInlineAction->runWithParams()
#10 /var/www/html/NetBeans/NHM/jacq-yii/yii-1.1.10/web/filters/CFilterChain.php(134): SiteController->runAction()
#11 /var/www/html/NetBeans/NHM/jacq-yii/yii-1.1.10/web/filters/CFilter.php(41): CFilterChain->run()
#12 /var/www/html/NetBeans/NHM/jacq-yii/yii-1.1.10/web/CController.php(1146): CAccessControlFilter->filter()
#13 /var/www/html/NetBeans/NHM/jacq-yii/yii-1.1.10/web/filters/CInlineFilter.php(59): SiteController->filterAccessControl()
#14 /var/www/html/NetBeans/NHM/jacq-yii/yii-1.1.10/web/filters/CFilterChain.php(131): CInlineFilter->filter()
#15 /var/www/html/NetBeans/NHM/jacq-yii/yii-1.1.10/web/CController.php(292): CFilterChain->run()
#16 /var/www/html/NetBeans/NHM/jacq-yii/yii-1.1.10/web/CController.php(266): SiteController->runActionWithFilters()
#17 /var/www/html/NetBeans/NHM/jacq-yii/yii-1.1.10/web/CWebApplication.php(276): SiteController->run()
#18 /var/www/html/NetBeans/NHM/jacq-yii/yii-1.1.10/web/CWebApplication.php(135): CWebApplication->runController()
#19 /var/www/html/NetBeans/NHM/jacq-yii/yii-1.1.10/base/CApplication.php(162): CWebApplication->processRequest()
#20 /var/www/html/NetBeans/NHM/jacq-yii/index.php(13): CWebApplication->run()
REQUEST_URI=/NetBeans/NHM/jacq-yii/index.php?r=site/create
in /var/www/html/NetBeans/NHM/jacq-yii/protected/views/site/_form.php (46)
in /var/www/html/NetBeans/NHM/jacq-yii/protected/views/site/create.php (15)
in /var/www/html/NetBeans/NHM/jacq-yii/protected/controllers/SiteController.php (78)
2012/06/25 19:38:50 [error] [php] Object of class Site could not be converted to string (/var/www/html/NetBeans/NHM/jacq-yii/yii-1.1.10/web/helpers/CHtml.php:1865)
Stack trace:
#0 /var/www/html/NetBeans/NHM/jacq-yii/protected/views/site/_form.php(40): CActiveForm->dropDownList()
#1 /var/www/html/NetBeans/NHM/jacq-yii/yii-1.1.10/web/CBaseController.php(127): require()
#2 /var/www/html/NetBeans/NHM/jacq-yii/yii-1.1.10/web/CBaseController.php(96): SiteController->renderInternal()
#3 /var/www/html/NetBeans/NHM/jacq-yii/yii-1.1.10/web/CController.php(870): SiteController->renderFile()
#4 /var/www/html/NetBeans/NHM/jacq-yii/protected/views/site/create.php(15): SiteController->renderPartial()
#5 /var/www/html/NetBeans/NHM/jacq-yii/yii-1.1.10/web/CBaseController.php(127): require()
#6 /var/www/html/NetBeans/NHM/jacq-yii/yii-1.1.10/web/CBaseController.php(96): SiteController->renderInternal()
#7 /var/www/html/NetBeans/NHM/jacq-yii/yii-1.1.10/web/CController.php(870): SiteController->renderFile()
#8 /var/www/html/NetBeans/NHM/jacq-yii/yii-1.1.10/web/CController.php(783): SiteController->renderPartial()
#9 /var/www/html/NetBeans/NHM/jacq-yii/protected/controllers/SiteController.php(78): SiteController->render()
#10 /var/www/html/NetBeans/NHM/jacq-yii/yii-1.1.10/web/actions/CInlineAction.php(50): SiteController->actionCreate()
#11 /var/www/html/NetBeans/NHM/jacq-yii/yii-1.1.10/web/CController.php(309): CInlineAction->runWithParams()
#12 /var/www/html/NetBeans/NHM/jacq-yii/yii-1.1.10/web/filters/CFilterChain.php(134): SiteController->runAction()
#13 /var/www/html/NetBeans/NHM/jacq-yii/yii-1.1.10/web/filters/CFilter.php(41): CFilterChain->run()
#14 /var/www/html/NetBeans/NHM/jacq-yii/yii-1.1.10/web/CController.php(1146): CAccessControlFilter->filter()
#15 /var/www/html/NetBeans/NHM/jacq-yii/yii-1.1.10/web/filters/CInlineFilter.php(59): SiteController->filterAccessControl()
#16 /var/www/html/NetBeans/NHM/jacq-yii/yii-1.1.10/web/filters/CFilterChain.php(131): CInlineFilter->filter()
#17 /var/www/html/NetBeans/NHM/jacq-yii/yii-1.1.10/web/CController.php(292): CFilterChain->run()
#18 /var/www/html/NetBeans/NHM/jacq-yii/yii-1.1.10/web/CController.php(266): SiteController->runActionWithFilters()
#19 /var/www/html/NetBeans/NHM/jacq-yii/yii-1.1.10/web/CWebApplication.php(276): SiteController->run()
#20 /var/www/html/NetBeans/NHM/jacq-yii/yii-1.1.10/web/CWebApplication.php(135): CWebApplication->runController()
#21 /var/www/html/NetBeans/NHM/jacq-yii/yii-1.1.10/base/CApplication.php(162): CWebApplication->processRequest()
#22 /var/www/html/NetBeans/NHM/jacq-yii/index.php(13): CWebApplication->run()
REQUEST_URI=/NetBeans/NHM/jacq-yii/index.php?r=site/create
in /var/www/html/NetBeans/NHM/jacq-yii/protected/views/site/_form.php (40)
in /var/www/html/NetBeans/NHM/jacq-yii/protected/views/site/create.php (15)
in /var/www/html/NetBeans/NHM/jacq-yii/protected/controllers/SiteController.php (78)
2012/06/25 19:56:07 [error] [exception.CHttpException.404] exception 'CHttpException' with message 'The system is unable to find the requested action "logout".' in /var/www/html/NetBeans/NHM/jacq-yii/yii-1.1.10/web/CController.php:484
Stack trace:
#0 /var/www/html/NetBeans/NHM/jacq-yii/yii-1.1.10/web/CController.php(271): CController->missingAction('logout')
#1 /var/www/html/NetBeans/NHM/jacq-yii/yii-1.1.10/web/CWebApplication.php(276): CController->run('logout')
#2 /var/www/html/NetBeans/NHM/jacq-yii/yii-1.1.10/web/CWebApplication.php(135): CWebApplication->runController('site/logout')
#3 /var/www/html/NetBeans/NHM/jacq-yii/yii-1.1.10/base/CApplication.php(162): CWebApplication->processRequest()
#4 /var/www/html/NetBeans/NHM/jacq-yii/index.php(13): CApplication->run()
#5 {main}
REQUEST_URI=/NetBeans/NHM/jacq-yii/index.php?r=site/logout
HTTP_REFERER=http://192.168.56.101/NetBeans/NHM/jacq-yii/index.php?r=site/index
---
2012/06/25 20:43:29 [error] [system.db.CDbCommand] CDbCommand::fetchAll() failed: SQLSTATE[42S02]: Base table or view not found: 1146 Table 'jacq_input.user' doesn't exist. The SQL statement executed was: SHOW COLUMNS FROM `user`.
in /var/www/html/NetBeans/NHM/jacq-yii/index.php (13)
2012/06/25 20:43:37 [error] [system.db.CDbCommand] CDbCommand::fetchAll() failed: SQLSTATE[42S02]: Base table or view not found: 1146 Table 'jacq_input.tbl_user' doesn't exist. The SQL statement executed was: SHOW COLUMNS FROM `tbl_user`.
in /var/www/html/NetBeans/NHM/jacq-yii/index.php (13)
2012/06/26 16:07:25 [error] [system.db.CDbCommand] CDbCommand::execute() failed: SQLSTATE[23000]: Integrity constraint violation: 1062 Duplicate entry '0' for key 'PRIMARY'. The SQL statement executed was: INSERT INTO `tbl_garden_site` (`greenhouse`, `description`, `department`, `parent_garden_site_id`) VALUES (:yp0, :yp1, :yp2, :yp3).
in /var/www/html/NetBeans/NHM/jacq-yii/protected/controllers/GardenSiteController.php (72)
in /var/www/html/NetBeans/NHM/jacq-yii/index.php (13)
2012/06/26 16:07:25 [error] [exception.CDbException] exception 'CDbException' with message 'CDbCommand failed to execute the SQL statement: SQLSTATE[23000]: Integrity constraint violation: 1062 Duplicate entry '0' for key 'PRIMARY'. The SQL statement executed was: INSERT INTO `tbl_garden_site` (`greenhouse`, `description`, `department`, `parent_garden_site_id`) VALUES (:yp0, :yp1, :yp2, :yp3)' in /var/www/html/NetBeans/NHM/jacq-yii/yii-1.1.10/db/CDbCommand.php:354
Stack trace:
#0 /var/www/html/NetBeans/NHM/jacq-yii/yii-1.1.10/db/ar/CActiveRecord.php(1014): CDbCommand->execute()
#1 /var/www/html/NetBeans/NHM/jacq-yii/yii-1.1.10/db/ar/CActiveRecord.php(787): CActiveRecord->insert(NULL)
#2 /var/www/html/NetBeans/NHM/jacq-yii/protected/controllers/GardenSiteController.php(72): CActiveRecord->save()
#3 /var/www/html/NetBeans/NHM/jacq-yii/yii-1.1.10/web/actions/CInlineAction.php(50): GardenSiteController->actionCreate()
#4 /var/www/html/NetBeans/NHM/jacq-yii/yii-1.1.10/web/CController.php(309): CInlineAction->runWithParams(Array)
#5 /var/www/html/NetBeans/NHM/jacq-yii/yii-1.1.10/web/filters/CFilterChain.php(134): CController->runAction(Object(CInlineAction))
#6 /var/www/html/NetBeans/NHM/jacq-yii/yii-1.1.10/web/filters/CFilter.php(41): CFilterChain->run()
#7 /var/www/html/NetBeans/NHM/jacq-yii/yii-1.1.10/web/CController.php(1146): CFilter->filter(Object(CFilterChain))
#8 /var/www/html/NetBeans/NHM/jacq-yii/yii-1.1.10/web/filters/CInlineFilter.php(59): CController->filterAccessControl(Object(CFilterChain))
#9 /var/www/html/NetBeans/NHM/jacq-yii/yii-1.1.10/web/filters/CFilterChain.php(131): CInlineFilter->filter(Object(CFilterChain))
#10 /var/www/html/NetBeans/NHM/jacq-yii/yii-1.1.10/web/CController.php(292): CFilterChain->run()
#11 /var/www/html/NetBeans/NHM/jacq-yii/yii-1.1.10/web/CController.php(266): CController->runActionWithFilters(Object(CInlineAction), Array)
#12 /var/www/html/NetBeans/NHM/jacq-yii/yii-1.1.10/web/CWebApplication.php(276): CController->run('create')
#13 /var/www/html/NetBeans/NHM/jacq-yii/yii-1.1.10/web/CWebApplication.php(135): CWebApplication->runController('gardenSite/crea...')
#14 /var/www/html/NetBeans/NHM/jacq-yii/yii-1.1.10/base/CApplication.php(162): CWebApplication->processRequest()
#15 /var/www/html/NetBeans/NHM/jacq-yii/index.php(13): CApplication->run()
#16 {main}
REQUEST_URI=/NetBeans/NHM/jacq-yii/index.php?r=gardenSite/create
HTTP_REFERER=http://192.168.56.101/NetBeans/NHM/jacq-yii/index.php?r=gardenSite/create
---
2012/06/26 16:34:24 [error] [system.db.CDbCommand] CDbCommand::execute() failed: SQLSTATE[23000]: Integrity constraint violation: 1452 Cannot add or update a child row: a foreign key constraint fails (`jacq_input`.`tbl_garden_site`, CONSTRAINT `fk_garden_site_id` FOREIGN KEY (`parent_garden_site_id`) REFERENCES `tbl_garden_site` (`id`) ON DELETE NO ACTION ON UPDATE NO ACTION). The SQL statement executed was: INSERT INTO `tbl_garden_site` (`greenhouse`, `description`, `department`, `parent_garden_site_id`) VALUES (:yp0, :yp1, :yp2, :yp3).
in /var/www/html/NetBeans/NHM/jacq-yii/protected/controllers/GardenSiteController.php (72)
in /var/www/html/NetBeans/NHM/jacq-yii/index.php (13)
2012/06/26 16:34:24 [error] [exception.CDbException] exception 'CDbException' with message 'CDbCommand failed to execute the SQL statement: SQLSTATE[23000]: Integrity constraint violation: 1452 Cannot add or update a child row: a foreign key constraint fails (`jacq_input`.`tbl_garden_site`, CONSTRAINT `fk_garden_site_id` FOREIGN KEY (`parent_garden_site_id`) REFERENCES `tbl_garden_site` (`id`) ON DELETE NO ACTION ON UPDATE NO ACTION). The SQL statement executed was: INSERT INTO `tbl_garden_site` (`greenhouse`, `description`, `department`, `parent_garden_site_id`) VALUES (:yp0, :yp1, :yp2, :yp3)' in /var/www/html/NetBeans/NHM/jacq-yii/yii-1.1.10/db/CDbCommand.php:354
Stack trace:
#0 /var/www/html/NetBeans/NHM/jacq-yii/yii-1.1.10/db/ar/CActiveRecord.php(1014): CDbCommand->execute()
#1 /var/www/html/NetBeans/NHM/jacq-yii/yii-1.1.10/db/ar/CActiveRecord.php(787): CActiveRecord->insert(NULL)
#2 /var/www/html/NetBeans/NHM/jacq-yii/protected/controllers/GardenSiteController.php(72): CActiveRecord->save()
#3 /var/www/html/NetBeans/NHM/jacq-yii/yii-1.1.10/web/actions/CInlineAction.php(50): GardenSiteController->actionCreate()
#4 /var/www/html/NetBeans/NHM/jacq-yii/yii-1.1.10/web/CController.php(309): CInlineAction->runWithParams(Array)
#5 /var/www/html/NetBeans/NHM/jacq-yii/yii-1.1.10/web/filters/CFilterChain.php(134): CController->runAction(Object(CInlineAction))
#6 /var/www/html/NetBeans/NHM/jacq-yii/yii-1.1.10/web/filters/CFilter.php(41): CFilterChain->run()
#7 /var/www/html/NetBeans/NHM/jacq-yii/yii-1.1.10/web/CController.php(1146): CFilter->filter(Object(CFilterChain))
#8 /var/www/html/NetBeans/NHM/jacq-yii/yii-1.1.10/web/filters/CInlineFilter.php(59): CController->filterAccessControl(Object(CFilterChain))
#9 /var/www/html/NetBeans/NHM/jacq-yii/yii-1.1.10/web/filters/CFilterChain.php(131): CInlineFilter->filter(Object(CFilterChain))
#10 /var/www/html/NetBeans/NHM/jacq-yii/yii-1.1.10/web/CController.php(292): CFilterChain->run()
#11 /var/www/html/NetBeans/NHM/jacq-yii/yii-1.1.10/web/CController.php(266): CController->runActionWithFilters(Object(CInlineAction), Array)
#12 /var/www/html/NetBeans/NHM/jacq-yii/yii-1.1.10/web/CWebApplication.php(276): CController->run('create')
#13 /var/www/html/NetBeans/NHM/jacq-yii/yii-1.1.10/web/CWebApplication.php(135): CWebApplication->runController('gardenSite/crea...')
#14 /var/www/html/NetBeans/NHM/jacq-yii/yii-1.1.10/base/CApplication.php(162): CWebApplication->processRequest()
#15 /var/www/html/NetBeans/NHM/jacq-yii/index.php(13): CApplication->run()
#16 {main}
REQUEST_URI=/NetBeans/NHM/jacq-yii/index.php?r=gardenSite/create
HTTP_REFERER=http://192.168.56.101/NetBeans/NHM/jacq-yii/index.php?r=gardenSite/create
---
2012/06/26 16:36:01 [error] [exception.CHttpException.404] exception 'CHttpException' with message 'The requested page does not exist.' in /var/www/html/NetBeans/NHM/jacq-yii/protected/controllers/GardenSiteController.php:160
Stack trace:
#0 /var/www/html/NetBeans/NHM/jacq-yii/protected/controllers/GardenSiteController.php(54): GardenSiteController->loadModel('')
#1 [internal function]: GardenSiteController->actionView('')
#2 /var/www/html/NetBeans/NHM/jacq-yii/yii-1.1.10/web/actions/CAction.php(107): ReflectionMethod->invokeArgs(Object(GardenSiteController), Array)
#3 /var/www/html/NetBeans/NHM/jacq-yii/yii-1.1.10/web/actions/CInlineAction.php(48): CAction->runWithParamsInternal(Object(GardenSiteController), Object(ReflectionMethod), Array)
#4 /var/www/html/NetBeans/NHM/jacq-yii/yii-1.1.10/web/CController.php(309): CInlineAction->runWithParams(Array)
#5 /var/www/html/NetBeans/NHM/jacq-yii/yii-1.1.10/web/filters/CFilterChain.php(134): CController->runAction(Object(CInlineAction))
#6 /var/www/html/NetBeans/NHM/jacq-yii/yii-1.1.10/web/filters/CFilter.php(41): CFilterChain->run()
#7 /var/www/html/NetBeans/NHM/jacq-yii/yii-1.1.10/web/CController.php(1146): CFilter->filter(Object(CFilterChain))
#8 /var/www/html/NetBeans/NHM/jacq-yii/yii-1.1.10/web/filters/CInlineFilter.php(59): CController->filterAccessControl(Object(CFilterChain))
#9 /var/www/html/NetBeans/NHM/jacq-yii/yii-1.1.10/web/filters/CFilterChain.php(131): CInlineFilter->filter(Object(CFilterChain))
#10 /var/www/html/NetBeans/NHM/jacq-yii/yii-1.1.10/web/CController.php(292): CFilterChain->run()
#11 /var/www/html/NetBeans/NHM/jacq-yii/yii-1.1.10/web/CController.php(266): CController->runActionWithFilters(Object(CInlineAction), Array)
#12 /var/www/html/NetBeans/NHM/jacq-yii/yii-1.1.10/web/CWebApplication.php(276): CController->run('view')
#13 /var/www/html/NetBeans/NHM/jacq-yii/yii-1.1.10/web/CWebApplication.php(135): CWebApplication->runController('gardenSite/view')
#14 /var/www/html/NetBeans/NHM/jacq-yii/yii-1.1.10/base/CApplication.php(162): CWebApplication->processRequest()
#15 /var/www/html/NetBeans/NHM/jacq-yii/index.php(13): CApplication->run()
#16 {main}
REQUEST_URI=/NetBeans/NHM/jacq-yii/index.php?r=gardenSite/view&id=
HTTP_REFERER=http://192.168.56.101/NetBeans/NHM/jacq-yii/index.php?r=gardenSite/create
---
2012/06/26 16:43:16 [error] [exception.CHttpException.404] exception 'CHttpException' with message 'The requested page does not exist.' in /var/www/html/NetBeans/NHM/jacq-yii/protected/controllers/GardenSiteController.php:160
Stack trace:
#0 /var/www/html/NetBeans/NHM/jacq-yii/protected/controllers/GardenSiteController.php(54): GardenSiteController->loadModel('')
#1 [internal function]: GardenSiteController->actionView('')
#2 /var/www/html/NetBeans/NHM/jacq-yii/yii-1.1.10/web/actions/CAction.php(107): ReflectionMethod->invokeArgs(Object(GardenSiteController), Array)
#3 /var/www/html/NetBeans/NHM/jacq-yii/yii-1.1.10/web/actions/CInlineAction.php(48): CAction->runWithParamsInternal(Object(GardenSiteController), Object(ReflectionMethod), Array)
#4 /var/www/html/NetBeans/NHM/jacq-yii/yii-1.1.10/web/CController.php(309): CInlineAction->runWithParams(Array)
#5 /var/www/html/NetBeans/NHM/jacq-yii/yii-1.1.10/web/filters/CFilterChain.php(134): CController->runAction(Object(CInlineAction))
#6 /var/www/html/NetBeans/NHM/jacq-yii/yii-1.1.10/web/filters/CFilter.php(41): CFilterChain->run()
#7 /var/www/html/NetBeans/NHM/jacq-yii/yii-1.1.10/web/CController.php(1146): CFilter->filter(Object(CFilterChain))
#8 /var/www/html/NetBeans/NHM/jacq-yii/yii-1.1.10/web/filters/CInlineFilter.php(59): CController->filterAccessControl(Object(CFilterChain))
#9 /var/www/html/NetBeans/NHM/jacq-yii/yii-1.1.10/web/filters/CFilterChain.php(131): CInlineFilter->filter(Object(CFilterChain))
#10 /var/www/html/NetBeans/NHM/jacq-yii/yii-1.1.10/web/CController.php(292): CFilterChain->run()
#11 /var/www/html/NetBeans/NHM/jacq-yii/yii-1.1.10/web/CController.php(266): CController->runActionWithFilters(Object(CInlineAction), Array)
#12 /var/www/html/NetBeans/NHM/jacq-yii/yii-1.1.10/web/CWebApplication.php(276): CController->run('view')
#13 /var/www/html/NetBeans/NHM/jacq-yii/yii-1.1.10/web/CWebApplication.php(135): CWebApplication->runController('gardenSite/view')
#14 /var/www/html/NetBeans/NHM/jacq-yii/yii-1.1.10/base/CApplication.php(162): CWebApplication->processRequest()
#15 /var/www/html/NetBeans/NHM/jacq-yii/index.php(13): CApplication->run()
#16 {main}
REQUEST_URI=/NetBeans/NHM/jacq-yii/index.php?r=gardenSite/view&id=
HTTP_REFERER=http://192.168.56.101/NetBeans/NHM/jacq-yii/index.php?r=gardenSite/create
---
2012/06/26 16:43:59 [error] [system.db.CDbCommand] CDbCommand::execute() failed: SQLSTATE[23000]: Integrity constraint violation: 1452 Cannot add or update a child row: a foreign key constraint fails (`jacq_input`.`tbl_garden_site`, CONSTRAINT `fk_garden_site_id` FOREIGN KEY (`parent_garden_site_id`) REFERENCES `tbl_garden_site` (`id`) ON DELETE NO ACTION ON UPDATE NO ACTION). The SQL statement executed was: INSERT INTO `tbl_garden_site` (`greenhouse`, `description`, `department`, `parent_garden_site_id`) VALUES (:yp0, :yp1, :yp2, :yp3).
in /var/www/html/NetBeans/NHM/jacq-yii/protected/controllers/GardenSiteController.php (72)
in /var/www/html/NetBeans/NHM/jacq-yii/index.php (13)
2012/06/26 16:43:59 [error] [exception.CDbException] exception 'CDbException' with message 'CDbCommand failed to execute the SQL statement: SQLSTATE[23000]: Integrity constraint violation: 1452 Cannot add or update a child row: a foreign key constraint fails (`jacq_input`.`tbl_garden_site`, CONSTRAINT `fk_garden_site_id` FOREIGN KEY (`parent_garden_site_id`) REFERENCES `tbl_garden_site` (`id`) ON DELETE NO ACTION ON UPDATE NO ACTION). The SQL statement executed was: INSERT INTO `tbl_garden_site` (`greenhouse`, `description`, `department`, `parent_garden_site_id`) VALUES (:yp0, :yp1, :yp2, :yp3)' in /var/www/html/NetBeans/NHM/jacq-yii/yii-1.1.10/db/CDbCommand.php:354
Stack trace:
#0 /var/www/html/NetBeans/NHM/jacq-yii/yii-1.1.10/db/ar/CActiveRecord.php(1014): CDbCommand->execute()
#1 /var/www/html/NetBeans/NHM/jacq-yii/yii-1.1.10/db/ar/CActiveRecord.php(787): CActiveRecord->insert(NULL)
#2 /var/www/html/NetBeans/NHM/jacq-yii/protected/controllers/GardenSiteController.php(72): CActiveRecord->save()
#3 /var/www/html/NetBeans/NHM/jacq-yii/yii-1.1.10/web/actions/CInlineAction.php(50): GardenSiteController->actionCreate()
#4 /var/www/html/NetBeans/NHM/jacq-yii/yii-1.1.10/web/CController.php(309): CInlineAction->runWithParams(Array)
#5 /var/www/html/NetBeans/NHM/jacq-yii/yii-1.1.10/web/filters/CFilterChain.php(134): CController->runAction(Object(CInlineAction))
#6 /var/www/html/NetBeans/NHM/jacq-yii/yii-1.1.10/web/filters/CFilter.php(41): CFilterChain->run()
#7 /var/www/html/NetBeans/NHM/jacq-yii/yii-1.1.10/web/CController.php(1146): CFilter->filter(Object(CFilterChain))
#8 /var/www/html/NetBeans/NHM/jacq-yii/yii-1.1.10/web/filters/CInlineFilter.php(59): CController->filterAccessControl(Object(CFilterChain))
#9 /var/www/html/NetBeans/NHM/jacq-yii/yii-1.1.10/web/filters/CFilterChain.php(131): CInlineFilter->filter(Object(CFilterChain))
#10 /var/www/html/NetBeans/NHM/jacq-yii/yii-1.1.10/web/CController.php(292): CFilterChain->run()
#11 /var/www/html/NetBeans/NHM/jacq-yii/yii-1.1.10/web/CController.php(266): CController->runActionWithFilters(Object(CInlineAction), Array)
#12 /var/www/html/NetBeans/NHM/jacq-yii/yii-1.1.10/web/CWebApplication.php(276): CController->run('create')
#13 /var/www/html/NetBeans/NHM/jacq-yii/yii-1.1.10/web/CWebApplication.php(135): CWebApplication->runController('gardenSite/crea...')
#14 /var/www/html/NetBeans/NHM/jacq-yii/yii-1.1.10/base/CApplication.php(162): CWebApplication->processRequest()
#15 /var/www/html/NetBeans/NHM/jacq-yii/index.php(13): CApplication->run()
#16 {main}
REQUEST_URI=/NetBeans/NHM/jacq-yii/index.php?r=gardenSite/create
HTTP_REFERER=http://192.168.56.101/NetBeans/NHM/jacq-yii/index.php?r=gardenSite/create
---
2012/06/26 16:44:33 [error] [exception.CHttpException.404] exception 'CHttpException' with message 'The requested page does not exist.' in /var/www/html/NetBeans/NHM/jacq-yii/protected/controllers/GardenSiteController.php:160
Stack trace:
#0 /var/www/html/NetBeans/NHM/jacq-yii/protected/controllers/GardenSiteController.php(54): GardenSiteController->loadModel('')
#1 [internal function]: GardenSiteController->actionView('')
#2 /var/www/html/NetBeans/NHM/jacq-yii/yii-1.1.10/web/actions/CAction.php(107): ReflectionMethod->invokeArgs(Object(GardenSiteController), Array)
#3 /var/www/html/NetBeans/NHM/jacq-yii/yii-1.1.10/web/actions/CInlineAction.php(48): CAction->runWithParamsInternal(Object(GardenSiteController), Object(ReflectionMethod), Array)
#4 /var/www/html/NetBeans/NHM/jacq-yii/yii-1.1.10/web/CController.php(309): CInlineAction->runWithParams(Array)
#5 /var/www/html/NetBeans/NHM/jacq-yii/yii-1.1.10/web/filters/CFilterChain.php(134): CController->runAction(Object(CInlineAction))
#6 /var/www/html/NetBeans/NHM/jacq-yii/yii-1.1.10/web/filters/CFilter.php(41): CFilterChain->run()
#7 /var/www/html/NetBeans/NHM/jacq-yii/yii-1.1.10/web/CController.php(1146): CFilter->filter(Object(CFilterChain))
#8 /var/www/html/NetBeans/NHM/jacq-yii/yii-1.1.10/web/filters/CInlineFilter.php(59): CController->filterAccessControl(Object(CFilterChain))
#9 /var/www/html/NetBeans/NHM/jacq-yii/yii-1.1.10/web/filters/CFilterChain.php(131): CInlineFilter->filter(Object(CFilterChain))
#10 /var/www/html/NetBeans/NHM/jacq-yii/yii-1.1.10/web/CController.php(292): CFilterChain->run()
#11 /var/www/html/NetBeans/NHM/jacq-yii/yii-1.1.10/web/CController.php(266): CController->runActionWithFilters(Object(CInlineAction), Array)
#12 /var/www/html/NetBeans/NHM/jacq-yii/yii-1.1.10/web/CWebApplication.php(276): CController->run('view')
#13 /var/www/html/NetBeans/NHM/jacq-yii/yii-1.1.10/web/CWebApplication.php(135): CWebApplication->runController('gardenSite/view')
#14 /var/www/html/NetBeans/NHM/jacq-yii/yii-1.1.10/base/CApplication.php(162): CWebApplication->processRequest()
#15 /var/www/html/NetBeans/NHM/jacq-yii/index.php(13): CApplication->run()
#16 {main}
REQUEST_URI=/NetBeans/NHM/jacq-yii/index.php?r=gardenSite/view&id=
HTTP_REFERER=http://192.168.56.101/NetBeans/NHM/jacq-yii/index.php?r=gardenSite/create
---
2012/06/26 16:45:04 [error] [system.db.CDbCommand] CDbCommand::execute() failed: SQLSTATE[23000]: Integrity constraint violation: 1452 Cannot add or update a child row: a foreign key constraint fails (`jacq_input`.`tbl_garden_site`, CONSTRAINT `fk_garden_site_id` FOREIGN KEY (`parent_garden_site_id`) REFERENCES `tbl_garden_site` (`id`) ON DELETE NO ACTION ON UPDATE NO ACTION). The SQL statement executed was: INSERT INTO `tbl_garden_site` (`greenhouse`, `description`, `department`, `parent_garden_site_id`) VALUES (:yp0, :yp1, :yp2, :yp3).
in /var/www/html/NetBeans/NHM/jacq-yii/protected/controllers/GardenSiteController.php (72)
in /var/www/html/NetBeans/NHM/jacq-yii/index.php (13)
2012/06/26 16:45:04 [error] [exception.CDbException] exception 'CDbException' with message 'CDbCommand failed to execute the SQL statement: SQLSTATE[23000]: Integrity constraint violation: 1452 Cannot add or update a child row: a foreign key constraint fails (`jacq_input`.`tbl_garden_site`, CONSTRAINT `fk_garden_site_id` FOREIGN KEY (`parent_garden_site_id`) REFERENCES `tbl_garden_site` (`id`) ON DELETE NO ACTION ON UPDATE NO ACTION). The SQL statement executed was: INSERT INTO `tbl_garden_site` (`greenhouse`, `description`, `department`, `parent_garden_site_id`) VALUES (:yp0, :yp1, :yp2, :yp3)' in /var/www/html/NetBeans/NHM/jacq-yii/yii-1.1.10/db/CDbCommand.php:354
Stack trace:
#0 /var/www/html/NetBeans/NHM/jacq-yii/yii-1.1.10/db/ar/CActiveRecord.php(1014): CDbCommand->execute()
#1 /var/www/html/NetBeans/NHM/jacq-yii/yii-1.1.10/db/ar/CActiveRecord.php(787): CActiveRecord->insert(NULL)
#2 /var/www/html/NetBeans/NHM/jacq-yii/protected/controllers/GardenSiteController.php(72): CActiveRecord->save()
#3 /var/www/html/NetBeans/NHM/jacq-yii/yii-1.1.10/web/actions/CInlineAction.php(50): GardenSiteController->actionCreate()
#4 /var/www/html/NetBeans/NHM/jacq-yii/yii-1.1.10/web/CController.php(309): CInlineAction->runWithParams(Array)
#5 /var/www/html/NetBeans/NHM/jacq-yii/yii-1.1.10/web/filters/CFilterChain.php(134): CController->runAction(Object(CInlineAction))
#6 /var/www/html/NetBeans/NHM/jacq-yii/yii-1.1.10/web/filters/CFilter.php(41): CFilterChain->run()
#7 /var/www/html/NetBeans/NHM/jacq-yii/yii-1.1.10/web/CController.php(1146): CFilter->filter(Object(CFilterChain))
#8 /var/www/html/NetBeans/NHM/jacq-yii/yii-1.1.10/web/filters/CInlineFilter.php(59): CController->filterAccessControl(Object(CFilterChain))
#9 /var/www/html/NetBeans/NHM/jacq-yii/yii-1.1.10/web/filters/CFilterChain.php(131): CInlineFilter->filter(Object(CFilterChain))
#10 /var/www/html/NetBeans/NHM/jacq-yii/yii-1.1.10/web/CController.php(292): CFilterChain->run()
#11 /var/www/html/NetBeans/NHM/jacq-yii/yii-1.1.10/web/CController.php(266): CController->runActionWithFilters(Object(CInlineAction), Array)
#12 /var/www/html/NetBeans/NHM/jacq-yii/yii-1.1.10/web/CWebApplication.php(276): CController->run('create')
#13 /var/www/html/NetBeans/NHM/jacq-yii/yii-1.1.10/web/CWebApplication.php(135): CWebApplication->runController('gardenSite/crea...')
#14 /var/www/html/NetBeans/NHM/jacq-yii/yii-1.1.10/base/CApplication.php(162): CWebApplication->processRequest()
#15 /var/www/html/NetBeans/NHM/jacq-yii/index.php(13): CApplication->run()
#16 {main}
REQUEST_URI=/NetBeans/NHM/jacq-yii/index.php?r=gardenSite/create
HTTP_REFERER=http://192.168.56.101/NetBeans/NHM/jacq-yii/index.php?r=gardenSite/create
---
2012/06/26 16:49:04 [error] [exception.CHttpException.404] exception 'CHttpException' with message 'The requested page does not exist.' in /var/www/html/NetBeans/NHM/jacq-yii/protected/controllers/GardenSiteController.php:160
Stack trace:
#0 /var/www/html/NetBeans/NHM/jacq-yii/protected/controllers/GardenSiteController.php(54): GardenSiteController->loadModel('')
#1 [internal function]: GardenSiteController->actionView('')
#2 /var/www/html/NetBeans/NHM/jacq-yii/yii-1.1.10/web/actions/CAction.php(107): ReflectionMethod->invokeArgs(Object(GardenSiteController), Array)
#3 /var/www/html/NetBeans/NHM/jacq-yii/yii-1.1.10/web/actions/CInlineAction.php(48): CAction->runWithParamsInternal(Object(GardenSiteController), Object(ReflectionMethod), Array)
#4 /var/www/html/NetBeans/NHM/jacq-yii/yii-1.1.10/web/CController.php(309): CInlineAction->runWithParams(Array)
#5 /var/www/html/NetBeans/NHM/jacq-yii/yii-1.1.10/web/filters/CFilterChain.php(134): CController->runAction(Object(CInlineAction))
#6 /var/www/html/NetBeans/NHM/jacq-yii/yii-1.1.10/web/filters/CFilter.php(41): CFilterChain->run()
#7 /var/www/html/NetBeans/NHM/jacq-yii/yii-1.1.10/web/CController.php(1146): CFilter->filter(Object(CFilterChain))
#8 /var/www/html/NetBeans/NHM/jacq-yii/yii-1.1.10/web/filters/CInlineFilter.php(59): CController->filterAccessControl(Object(CFilterChain))
#9 /var/www/html/NetBeans/NHM/jacq-yii/yii-1.1.10/web/filters/CFilterChain.php(131): CInlineFilter->filter(Object(CFilterChain))
#10 /var/www/html/NetBeans/NHM/jacq-yii/yii-1.1.10/web/CController.php(292): CFilterChain->run()
#11 /var/www/html/NetBeans/NHM/jacq-yii/yii-1.1.10/web/CController.php(266): CController->runActionWithFilters(Object(CInlineAction), Array)
#12 /var/www/html/NetBeans/NHM/jacq-yii/yii-1.1.10/web/CWebApplication.php(276): CController->run('view')
#13 /var/www/html/NetBeans/NHM/jacq-yii/yii-1.1.10/web/CWebApplication.php(135): CWebApplication->runController('gardenSite/view')
#14 /var/www/html/NetBeans/NHM/jacq-yii/yii-1.1.10/base/CApplication.php(162): CWebApplication->processRequest()
#15 /var/www/html/NetBeans/NHM/jacq-yii/index.php(13): CApplication->run()
#16 {main}
REQUEST_URI=/NetBeans/NHM/jacq-yii/index.php?r=gardenSite/view&id=
HTTP_REFERER=http://192.168.56.101/NetBeans/NHM/jacq-yii/index.php?r=gardenSite/create
---
2012/06/26 23:25:03 [error] [exception.CException] exception 'CException' with message 'Property "LivingPlant.model_livingPlant_garden_site_id" is not defined.' in /var/www/html/NetBeans/NHM/jacq-yii/yii-1.1.10/base/CComponent.php:131
Stack trace:
#0 /var/www/html/NetBeans/NHM/jacq-yii/yii-1.1.10/db/ar/CActiveRecord.php(144): CComponent->__get('model_livingPla...')
#1 /var/www/html/NetBeans/NHM/jacq-yii/yii-1.1.10/web/helpers/CHtml.php(2044): CActiveRecord->__get('model_livingPla...')
#2 /var/www/html/NetBeans/NHM/jacq-yii/yii-1.1.10/web/helpers/CHtml.php(1402): CHtml::resolveValue(Object(LivingPlant), 'model_livingPla...')
#3 /var/www/html/NetBeans/NHM/jacq-yii/yii-1.1.10/web/widgets/CActiveForm.php(681): CHtml::activeDropDownList(Object(LivingPlant), 'model_livingPla...', Array, Array)
#4 /var/www/html/NetBeans/NHM/jacq-yii/protected/views/livingPlant/_form.php(14): CActiveForm->dropDownList(Object(LivingPlant), 'model_livingPla...', Array)
#5 /var/www/html/NetBeans/NHM/jacq-yii/yii-1.1.10/web/CBaseController.php(127): require('/var/www/html/N...')
#6 /var/www/html/NetBeans/NHM/jacq-yii/yii-1.1.10/web/CBaseController.php(96): CBaseController->renderInternal('/var/www/html/N...', Array, true)
#7 /var/www/html/NetBeans/NHM/jacq-yii/yii-1.1.10/web/CController.php(870): CBaseController->renderFile('/var/www/html/N...', Array, true)
#8 /var/www/html/NetBeans/NHM/jacq-yii/protected/views/livingPlant/create.php(15): CController->renderPartial('_form', Array)
#9 /var/www/html/NetBeans/NHM/jacq-yii/yii-1.1.10/web/CBaseController.php(127): require('/var/www/html/N...')
#10 /var/www/html/NetBeans/NHM/jacq-yii/yii-1.1.10/web/CBaseController.php(96): CBaseController->renderInternal('/var/www/html/N...', Array, true)
#11 /var/www/html/NetBeans/NHM/jacq-yii/yii-1.1.10/web/CController.php(870): CBaseController->renderFile('/var/www/html/N...', Array, true)
#12 /var/www/html/NetBeans/NHM/jacq-yii/yii-1.1.10/web/CController.php(783): CController->renderPartial('create', Array, true)
#13 /var/www/html/NetBeans/NHM/jacq-yii/protected/controllers/LivingPlantController.php(87): CController->render('create', Array)
#14 /var/www/html/NetBeans/NHM/jacq-yii/yii-1.1.10/web/actions/CInlineAction.php(50): LivingPlantController->actionCreate()
#15 /var/www/html/NetBeans/NHM/jacq-yii/yii-1.1.10/web/CController.php(309): CInlineAction->runWithParams(Array)
#16 /var/www/html/NetBeans/NHM/jacq-yii/yii-1.1.10/web/filters/CFilterChain.php(134): CController->runAction(Object(CInlineAction))
#17 /var/www/html/NetBeans/NHM/jacq-yii/yii-1.1.10/web/filters/CFilter.php(41): CFilterChain->run()
#18 /var/www/html/NetBeans/NHM/jacq-yii/yii-1.1.10/web/CController.php(1146): CFilter->filter(Object(CFilterChain))
#19 /var/www/html/NetBeans/NHM/jacq-yii/yii-1.1.10/web/filters/CInlineFilter.php(59): CController->filterAccessControl(Object(CFilterChain))
#20 /var/www/html/NetBeans/NHM/jacq-yii/yii-1.1.10/web/filters/CFilterChain.php(131): CInlineFilter->filter(Object(CFilterChain))
#21 /var/www/html/NetBeans/NHM/jacq-yii/yii-1.1.10/web/CController.php(292): CFilterChain->run()
#22 /var/www/html/NetBeans/NHM/jacq-yii/yii-1.1.10/web/CController.php(266): CController->runActionWithFilters(Object(CInlineAction), Array)
#23 /var/www/html/NetBeans/NHM/jacq-yii/yii-1.1.10/web/CWebApplication.php(276): CController->run('create')
#24 /var/www/html/NetBeans/NHM/jacq-yii/yii-1.1.10/web/CWebApplication.php(135): CWebApplication->runController('livingPlant/cre...')
#25 /var/www/html/NetBeans/NHM/jacq-yii/yii-1.1.10/base/CApplication.php(162): CWebApplication->processRequest()
#26 /var/www/html/NetBeans/NHM/jacq-yii/index.php(13): CApplication->run()
#27 {main}
REQUEST_URI=/NetBeans/NHM/jacq-yii/index.php?r=livingPlant/create
HTTP_REFERER=http://192.168.56.101/NetBeans/NHM/jacq-yii/index.php?r=livingPlant/index
---
2012/06/26 23:34:48 [error] [system.db.CDbCommand] CDbCommand::execute() failed: SQLSTATE[23000]: Integrity constraint violation: 1452 Cannot add or update a child row: a foreign key constraint fails (`jacq_input`.`tbl_botanical_object`, CONSTRAINT `fk_tbl_object_tbl_acquisition_event1` FOREIGN KEY (`acquisition_event_id`) REFERENCES `tbl_acquisition_event` (`id`) ON DELETE NO ACTION ON UPD). The SQL statement executed was: INSERT INTO `tbl_botanical_object` (`acquisition_event_id`, `taxon_id`, `separation_id`, `phenology_id`, `determined_by_id`, `habitat`, `habitus`, `annotation`) VALUES (:yp0, :yp1, :yp2, :yp3, :yp4, :yp5, :yp6, :yp7).
in /var/www/html/NetBeans/NHM/jacq-yii/protected/controllers/LivingPlantController.php (75)
in /var/www/html/NetBeans/NHM/jacq-yii/index.php (13)
2012/06/26 23:34:48 [error] [exception.CDbException] exception 'CDbException' with message 'CDbCommand failed to execute the SQL statement: SQLSTATE[23000]: Integrity constraint violation: 1452 Cannot add or update a child row: a foreign key constraint fails (`jacq_input`.`tbl_botanical_object`, CONSTRAINT `fk_tbl_object_tbl_acquisition_event1` FOREIGN KEY (`acquisition_event_id`) REFERENCES `tbl_acquisition_event` (`id`) ON DELETE NO ACTION ON UPD). The SQL statement executed was: INSERT INTO `tbl_botanical_object` (`acquisition_event_id`, `taxon_id`, `separation_id`, `phenology_id`, `determined_by_id`, `habitat`, `habitus`, `annotation`) VALUES (:yp0, :yp1, :yp2, :yp3, :yp4, :yp5, :yp6, :yp7)' in /var/www/html/NetBeans/NHM/jacq-yii/yii-1.1.10/db/CDbCommand.php:354
Stack trace:
#0 /var/www/html/NetBeans/NHM/jacq-yii/yii-1.1.10/db/ar/CActiveRecord.php(1014): CDbCommand->execute()
#1 /var/www/html/NetBeans/NHM/jacq-yii/yii-1.1.10/db/ar/CActiveRecord.php(787): CActiveRecord->insert(NULL)
#2 /var/www/html/NetBeans/NHM/jacq-yii/protected/controllers/LivingPlantController.php(75): CActiveRecord->save()
#3 /var/www/html/NetBeans/NHM/jacq-yii/yii-1.1.10/web/actions/CInlineAction.php(50): LivingPlantController->actionCreate()
#4 /var/www/html/NetBeans/NHM/jacq-yii/yii-1.1.10/web/CController.php(309): CInlineAction->runWithParams(Array)
#5 /var/www/html/NetBeans/NHM/jacq-yii/yii-1.1.10/web/filters/CFilterChain.php(134): CController->runAction(Object(CInlineAction))
#6 /var/www/html/NetBeans/NHM/jacq-yii/yii-1.1.10/web/filters/CFilter.php(41): CFilterChain->run()
#7 /var/www/html/NetBeans/NHM/jacq-yii/yii-1.1.10/web/CController.php(1146): CFilter->filter(Object(CFilterChain))
#8 /var/www/html/NetBeans/NHM/jacq-yii/yii-1.1.10/web/filters/CInlineFilter.php(59): CController->filterAccessControl(Object(CFilterChain))
#9 /var/www/html/NetBeans/NHM/jacq-yii/yii-1.1.10/web/filters/CFilterChain.php(131): CInlineFilter->filter(Object(CFilterChain))
#10 /var/www/html/NetBeans/NHM/jacq-yii/yii-1.1.10/web/CController.php(292): CFilterChain->run()
#11 /var/www/html/NetBeans/NHM/jacq-yii/yii-1.1.10/web/CController.php(266): CController->runActionWithFilters(Object(CInlineAction), Array)
#12 /var/www/html/NetBeans/NHM/jacq-yii/yii-1.1.10/web/CWebApplication.php(276): CController->run('create')
#13 /var/www/html/NetBeans/NHM/jacq-yii/yii-1.1.10/web/CWebApplication.php(135): CWebApplication->runController('livingPlant/cre...')
#14 /var/www/html/NetBeans/NHM/jacq-yii/yii-1.1.10/base/CApplication.php(162): CWebApplication->processRequest()
#15 /var/www/html/NetBeans/NHM/jacq-yii/index.php(13): CApplication->run()
#16 {main}
REQUEST_URI=/NetBeans/NHM/jacq-yii/index.php?r=livingPlant/create
HTTP_REFERER=http://192.168.56.101/NetBeans/NHM/jacq-yii/index.php?r=livingPlant/create
---
2012/06/26 23:52:18 [error] [php] Undefined variable: model_acquisitionDate (/var/www/html/NetBeans/NHM/jacq-yii/protected/views/livingPlant/create.php:18)
Stack trace:
#0 /var/www/html/NetBeans/NHM/jacq-yii/yii-1.1.10/web/CController.php(870): LivingPlantController->renderFile()
#1 /var/www/html/NetBeans/NHM/jacq-yii/yii-1.1.10/web/CController.php(783): LivingPlantController->renderPartial()
#2 /var/www/html/NetBeans/NHM/jacq-yii/protected/controllers/LivingPlantController.php(94): LivingPlantController->render()
#3 /var/www/html/NetBeans/NHM/jacq-yii/yii-1.1.10/web/actions/CInlineAction.php(50): LivingPlantController->actionCreate()
#4 /var/www/html/NetBeans/NHM/jacq-yii/yii-1.1.10/web/CController.php(309): CInlineAction->runWithParams()
#5 /var/www/html/NetBeans/NHM/jacq-yii/yii-1.1.10/web/filters/CFilterChain.php(134): LivingPlantController->runAction()
#6 /var/www/html/NetBeans/NHM/jacq-yii/yii-1.1.10/web/filters/CFilter.php(41): CFilterChain->run()
#7 /var/www/html/NetBeans/NHM/jacq-yii/yii-1.1.10/web/CController.php(1146): CAccessControlFilter->filter()
#8 /var/www/html/NetBeans/NHM/jacq-yii/yii-1.1.10/web/filters/CInlineFilter.php(59): LivingPlantController->filterAccessControl()
#9 /var/www/html/NetBeans/NHM/jacq-yii/yii-1.1.10/web/filters/CFilterChain.php(131): CInlineFilter->filter()
#10 /var/www/html/NetBeans/NHM/jacq-yii/yii-1.1.10/web/CController.php(292): CFilterChain->run()
#11 /var/www/html/NetBeans/NHM/jacq-yii/yii-1.1.10/web/CController.php(266): LivingPlantController->runActionWithFilters()
#12 /var/www/html/NetBeans/NHM/jacq-yii/yii-1.1.10/web/CWebApplication.php(276): LivingPlantController->run()
#13 /var/www/html/NetBeans/NHM/jacq-yii/yii-1.1.10/web/CWebApplication.php(135): CWebApplication->runController()
#14 /var/www/html/NetBeans/NHM/jacq-yii/yii-1.1.10/base/CApplication.php(162): CWebApplication->processRequest()
#15 /var/www/html/NetBeans/NHM/jacq-yii/index.php(13): CWebApplication->run()
REQUEST_URI=/NetBeans/NHM/jacq-yii/index.php?r=livingPlant/create
in /var/www/html/NetBeans/NHM/jacq-yii/protected/views/livingPlant/create.php (18)
in /var/www/html/NetBeans/NHM/jacq-yii/protected/controllers/LivingPlantController.php (94)
in /var/www/html/NetBeans/NHM/jacq-yii/index.php (13)
2012/06/26 23:54:13 [error] [system.db.CDbCommand] CDbCommand::execute() failed: SQLSTATE[23000]: Integrity constraint violation: 1452 Cannot add or update a child row: a foreign key constraint fails (`jacq_input`.`tbl_botanical_object`, CONSTRAINT `fk_tbl_object_tbl_separation1` FOREIGN KEY (`separation_id`) REFERENCES `tbl_separation` (`id`) ON DELETE NO ACTION ON UPDATE NO ACTION). The SQL statement executed was: INSERT INTO `tbl_botanical_object` (`taxon_id`, `separation_id`, `phenology_id`, `determined_by_id`, `habitat`, `habitus`, `annotation`, `acquisition_event_id`) VALUES (:yp0, :yp1, :yp2, :yp3, :yp4, :yp5, :yp6, :yp7).
in /var/www/html/NetBeans/NHM/jacq-yii/protected/controllers/LivingPlantController.php (80)
in /var/www/html/NetBeans/NHM/jacq-yii/index.php (13)
2012/06/26 23:54:13 [error] [exception.CDbException] exception 'CDbException' with message 'CDbCommand failed to execute the SQL statement: SQLSTATE[23000]: Integrity constraint violation: 1452 Cannot add or update a child row: a foreign key constraint fails (`jacq_input`.`tbl_botanical_object`, CONSTRAINT `fk_tbl_object_tbl_separation1` FOREIGN KEY (`separation_id`) REFERENCES `tbl_separation` (`id`) ON DELETE NO ACTION ON UPDATE NO ACTION). The SQL statement executed was: INSERT INTO `tbl_botanical_object` (`taxon_id`, `separation_id`, `phenology_id`, `determined_by_id`, `habitat`, `habitus`, `annotation`, `acquisition_event_id`) VALUES (:yp0, :yp1, :yp2, :yp3, :yp4, :yp5, :yp6, :yp7)' in /var/www/html/NetBeans/NHM/jacq-yii/yii-1.1.10/db/CDbCommand.php:354
Stack trace:
#0 /var/www/html/NetBeans/NHM/jacq-yii/yii-1.1.10/db/ar/CActiveRecord.php(1014): CDbCommand->execute()
#1 /var/www/html/NetBeans/NHM/jacq-yii/yii-1.1.10/db/ar/CActiveRecord.php(787): CActiveRecord->insert(NULL)
#2 /var/www/html/NetBeans/NHM/jacq-yii/protected/controllers/LivingPlantController.php(80): CActiveRecord->save()
#3 /var/www/html/NetBeans/NHM/jacq-yii/yii-1.1.10/web/actions/CInlineAction.php(50): LivingPlantController->actionCreate()
#4 /var/www/html/NetBeans/NHM/jacq-yii/yii-1.1.10/web/CController.php(309): CInlineAction->runWithParams(Array)
#5 /var/www/html/NetBeans/NHM/jacq-yii/yii-1.1.10/web/filters/CFilterChain.php(134): CController->runAction(Object(CInlineAction))
#6 /var/www/html/NetBeans/NHM/jacq-yii/yii-1.1.10/web/filters/CFilter.php(41): CFilterChain->run()
#7 /var/www/html/NetBeans/NHM/jacq-yii/yii-1.1.10/web/CController.php(1146): CFilter->filter(Object(CFilterChain))
#8 /var/www/html/NetBeans/NHM/jacq-yii/yii-1.1.10/web/filters/CInlineFilter.php(59): CController->filterAccessControl(Object(CFilterChain))
#9 /var/www/html/NetBeans/NHM/jacq-yii/yii-1.1.10/web/filters/CFilterChain.php(131): CInlineFilter->filter(Object(CFilterChain))
#10 /var/www/html/NetBeans/NHM/jacq-yii/yii-1.1.10/web/CController.php(292): CFilterChain->run()
#11 /var/www/html/NetBeans/NHM/jacq-yii/yii-1.1.10/web/CController.php(266): CController->runActionWithFilters(Object(CInlineAction), Array)
#12 /var/www/html/NetBeans/NHM/jacq-yii/yii-1.1.10/web/CWebApplication.php(276): CController->run('create')
#13 /var/www/html/NetBeans/NHM/jacq-yii/yii-1.1.10/web/CWebApplication.php(135): CWebApplication->runController('livingPlant/cre...')
#14 /var/www/html/NetBeans/NHM/jacq-yii/yii-1.1.10/base/CApplication.php(162): CWebApplication->processRequest()
#15 /var/www/html/NetBeans/NHM/jacq-yii/index.php(13): CApplication->run()
#16 {main}
REQUEST_URI=/NetBeans/NHM/jacq-yii/index.php?r=livingPlant/create
HTTP_REFERER=http://192.168.56.101/NetBeans/NHM/jacq-yii/index.php?r=livingPlant/create
---
2012/06/26 23:55:58 [error] [php] Undefined variable: model_livingPlant (/var/www/html/NetBeans/NHM/jacq-yii/protected/views/livingPlant/_form.php:10)
Stack trace:
#0 /var/www/html/NetBeans/NHM/jacq-yii/yii-1.1.10/web/CController.php(870): LivingPlantController->renderFile()
#1 /var/www/html/NetBeans/NHM/jacq-yii/protected/views/livingPlant/update.php(18): LivingPlantController->renderPartial()
#2 /var/www/html/NetBeans/NHM/jacq-yii/yii-1.1.10/web/CBaseController.php(127): require()
#3 /var/www/html/NetBeans/NHM/jacq-yii/yii-1.1.10/web/CBaseController.php(96): LivingPlantController->renderInternal()
#4 /var/www/html/NetBeans/NHM/jacq-yii/yii-1.1.10/web/CController.php(870): LivingPlantController->renderFile()
#5 /var/www/html/NetBeans/NHM/jacq-yii/yii-1.1.10/web/CController.php(783): LivingPlantController->renderPartial()
#6 /var/www/html/NetBeans/NHM/jacq-yii/protected/controllers/LivingPlantController.php(118): LivingPlantController->render()
#7 unknown(0): LivingPlantController->actionUpdate()
#8 /var/www/html/NetBeans/NHM/jacq-yii/yii-1.1.10/web/actions/CAction.php(107): ReflectionMethod->invokeArgs()
#9 /var/www/html/NetBeans/NHM/jacq-yii/yii-1.1.10/web/actions/CInlineAction.php(48): CInlineAction->runWithParamsInternal()
#10 /var/www/html/NetBeans/NHM/jacq-yii/yii-1.1.10/web/CController.php(309): CInlineAction->runWithParams()
#11 /var/www/html/NetBeans/NHM/jacq-yii/yii-1.1.10/web/filters/CFilterChain.php(134): LivingPlantController->runAction()
#12 /var/www/html/NetBeans/NHM/jacq-yii/yii-1.1.10/web/filters/CFilter.php(41): CFilterChain->run()
#13 /var/www/html/NetBeans/NHM/jacq-yii/yii-1.1.10/web/CController.php(1146): CAccessControlFilter->filter()
#14 /var/www/html/NetBeans/NHM/jacq-yii/yii-1.1.10/web/filters/CInlineFilter.php(59): LivingPlantController->filterAccessControl()
#15 /var/www/html/NetBeans/NHM/jacq-yii/yii-1.1.10/web/filters/CFilterChain.php(131): CInlineFilter->filter()
#16 /var/www/html/NetBeans/NHM/jacq-yii/yii-1.1.10/web/CController.php(292): CFilterChain->run()
#17 /var/www/html/NetBeans/NHM/jacq-yii/yii-1.1.10/web/CController.php(266): LivingPlantController->runActionWithFilters()
#18 /var/www/html/NetBeans/NHM/jacq-yii/yii-1.1.10/web/CWebApplication.php(276): LivingPlantController->run()
#19 /var/www/html/NetBeans/NHM/jacq-yii/yii-1.1.10/web/CWebApplication.php(135): CWebApplication->runController()
#20 /var/www/html/NetBeans/NHM/jacq-yii/yii-1.1.10/base/CApplication.php(162): CWebApplication->processRequest()
#21 /var/www/html/NetBeans/NHM/jacq-yii/index.php(13): CWebApplication->run()
REQUEST_URI=/NetBeans/NHM/jacq-yii/index.php?r=livingPlant/update&id=2
in /var/www/html/NetBeans/NHM/jacq-yii/protected/views/livingPlant/_form.php (10)
in /var/www/html/NetBeans/NHM/jacq-yii/protected/views/livingPlant/update.php (18)
in /var/www/html/NetBeans/NHM/jacq-yii/protected/controllers/LivingPlantController.php (118)
2012/06/27 00:00:35 [error] [php] Undefined variable: model (/var/www/html/NetBeans/NHM/jacq-yii/protected/views/livingPlant/update.php:4)
Stack trace:
#0 /var/www/html/NetBeans/NHM/jacq-yii/yii-1.1.10/web/CController.php(870): LivingPlantController->renderFile()
#1 /var/www/html/NetBeans/NHM/jacq-yii/yii-1.1.10/web/CController.php(783): LivingPlantController->renderPartial()
#2 /var/www/html/NetBeans/NHM/jacq-yii/protected/controllers/LivingPlantController.php(124): LivingPlantController->render()
#3 unknown(0): LivingPlantController->actionUpdate()
#4 /var/www/html/NetBeans/NHM/jacq-yii/yii-1.1.10/web/actions/CAction.php(107): ReflectionMethod->invokeArgs()
#5 /var/www/html/NetBeans/NHM/jacq-yii/yii-1.1.10/web/actions/CInlineAction.php(48): CInlineAction->runWithParamsInternal()
#6 /var/www/html/NetBeans/NHM/jacq-yii/yii-1.1.10/web/CController.php(309): CInlineAction->runWithParams()
#7 /var/www/html/NetBeans/NHM/jacq-yii/yii-1.1.10/web/filters/CFilterChain.php(134): LivingPlantController->runAction()
#8 /var/www/html/NetBeans/NHM/jacq-yii/yii-1.1.10/web/filters/CFilter.php(41): CFilterChain->run()
#9 /var/www/html/NetBeans/NHM/jacq-yii/yii-1.1.10/web/CController.php(1146): CAccessControlFilter->filter()
#10 /var/www/html/NetBeans/NHM/jacq-yii/yii-1.1.10/web/filters/CInlineFilter.php(59): LivingPlantController->filterAccessControl()
#11 /var/www/html/NetBeans/NHM/jacq-yii/yii-1.1.10/web/filters/CFilterChain.php(131): CInlineFilter->filter()
#12 /var/www/html/NetBeans/NHM/jacq-yii/yii-1.1.10/web/CController.php(292): CFilterChain->run()
#13 /var/www/html/NetBeans/NHM/jacq-yii/yii-1.1.10/web/CController.php(266): LivingPlantController->runActionWithFilters()
#14 /var/www/html/NetBeans/NHM/jacq-yii/yii-1.1.10/web/CWebApplication.php(276): LivingPlantController->run()
#15 /var/www/html/NetBeans/NHM/jacq-yii/yii-1.1.10/web/CWebApplication.php(135): CWebApplication->runController()
#16 /var/www/html/NetBeans/NHM/jacq-yii/yii-1.1.10/base/CApplication.php(162): CWebApplication->processRequest()
#17 /var/www/html/NetBeans/NHM/jacq-yii/index.php(13): CWebApplication->run()
REQUEST_URI=/NetBeans/NHM/jacq-yii/index.php?r=livingPlant/update&id=2
in /var/www/html/NetBeans/NHM/jacq-yii/protected/views/livingPlant/update.php (4)
in /var/www/html/NetBeans/NHM/jacq-yii/protected/controllers/LivingPlantController.php (124)
in /var/www/html/NetBeans/NHM/jacq-yii/index.php (13)
2012/06/27 00:01:40 [error] [php] Undefined variable: model (/var/www/html/NetBeans/NHM/jacq-yii/protected/views/livingPlant/update.php:4)
Stack trace:
#0 /var/www/html/NetBeans/NHM/jacq-yii/yii-1.1.10/web/CController.php(870): LivingPlantController->renderFile()
#1 /var/www/html/NetBeans/NHM/jacq-yii/yii-1.1.10/web/CController.php(783): LivingPlantController->renderPartial()
#2 /var/www/html/NetBeans/NHM/jacq-yii/protected/controllers/LivingPlantController.php(124): LivingPlantController->render()
#3 unknown(0): LivingPlantController->actionUpdate()
#4 /var/www/html/NetBeans/NHM/jacq-yii/yii-1.1.10/web/actions/CAction.php(107): ReflectionMethod->invokeArgs()
#5 /var/www/html/NetBeans/NHM/jacq-yii/yii-1.1.10/web/actions/CInlineAction.php(48): CInlineAction->runWithParamsInternal()
#6 /var/www/html/NetBeans/NHM/jacq-yii/yii-1.1.10/web/CController.php(309): CInlineAction->runWithParams()
#7 /var/www/html/NetBeans/NHM/jacq-yii/yii-1.1.10/web/filters/CFilterChain.php(134): LivingPlantController->runAction()
#8 /var/www/html/NetBeans/NHM/jacq-yii/yii-1.1.10/web/filters/CFilter.php(41): CFilterChain->run()
#9 /var/www/html/NetBeans/NHM/jacq-yii/yii-1.1.10/web/CController.php(1146): CAccessControlFilter->filter()
#10 /var/www/html/NetBeans/NHM/jacq-yii/yii-1.1.10/web/filters/CInlineFilter.php(59): LivingPlantController->filterAccessControl()
#11 /var/www/html/NetBeans/NHM/jacq-yii/yii-1.1.10/web/filters/CFilterChain.php(131): CInlineFilter->filter()
#12 /var/www/html/NetBeans/NHM/jacq-yii/yii-1.1.10/web/CController.php(292): CFilterChain->run()
#13 /var/www/html/NetBeans/NHM/jacq-yii/yii-1.1.10/web/CController.php(266): LivingPlantController->runActionWithFilters()
#14 /var/www/html/NetBeans/NHM/jacq-yii/yii-1.1.10/web/CWebApplication.php(276): LivingPlantController->run()
#15 /var/www/html/NetBeans/NHM/jacq-yii/yii-1.1.10/web/CWebApplication.php(135): CWebApplication->runController()
#16 /var/www/html/NetBeans/NHM/jacq-yii/yii-1.1.10/base/CApplication.php(162): CWebApplication->processRequest()
#17 /var/www/html/NetBeans/NHM/jacq-yii/index.php(13): CWebApplication->run()
REQUEST_URI=/NetBeans/NHM/jacq-yii/index.php?r=livingPlant/update&id=2
in /var/www/html/NetBeans/NHM/jacq-yii/protected/views/livingPlant/update.php (4)
in /var/www/html/NetBeans/NHM/jacq-yii/protected/controllers/LivingPlantController.php (124)
in /var/www/html/NetBeans/NHM/jacq-yii/index.php (13)
2012/06/27 02:17:20 [error] [php] Undefined variable: model (/var/www/html/NetBeans/NHM/jacq-yii/protected/views/site/login.php:24)
Stack trace:
#0 /var/www/html/NetBeans/NHM/jacq-yii/yii-1.1.10/web/CController.php(870): SiteController->renderFile()
#1 /var/www/html/NetBeans/NHM/jacq-yii/yii-1.1.10/web/CController.php(783): SiteController->renderPartial()
#2 /var/www/html/NetBeans/NHM/jacq-yii/protected/controllers/SiteController.php(32): SiteController->render()
#3 /var/www/html/NetBeans/NHM/jacq-yii/yii-1.1.10/web/actions/CInlineAction.php(50): SiteController->actionIndex()
#4 /var/www/html/NetBeans/NHM/jacq-yii/yii-1.1.10/web/CController.php(309): CInlineAction->runWithParams()
#5 /var/www/html/NetBeans/NHM/jacq-yii/yii-1.1.10/web/CController.php(287): SiteController->runAction()
#6 /var/www/html/NetBeans/NHM/jacq-yii/yii-1.1.10/web/CController.php(266): SiteController->runActionWithFilters()
#7 /var/www/html/NetBeans/NHM/jacq-yii/yii-1.1.10/web/CWebApplication.php(276): SiteController->run()
#8 /var/www/html/NetBeans/NHM/jacq-yii/yii-1.1.10/web/CWebApplication.php(135): CWebApplication->runController()
#9 /var/www/html/NetBeans/NHM/jacq-yii/yii-1.1.10/base/CApplication.php(162): CWebApplication->processRequest()
#10 /var/www/html/NetBeans/NHM/jacq-yii/index.php(13): CWebApplication->run()
REQUEST_URI=/NetBeans/NHM/jacq-yii/index.php
in /var/www/html/NetBeans/NHM/jacq-yii/protected/views/site/login.php (24)
in /var/www/html/NetBeans/NHM/jacq-yii/protected/controllers/SiteController.php (32)
in /var/www/html/NetBeans/NHM/jacq-yii/index.php (13)
2012/06/27 02:21:36 [error] [exception.CHttpException.404] exception 'CHttpException' with message 'The system is unable to find the requested action "livingPlant".' in /var/www/html/NetBeans/NHM/jacq-yii/yii-1.1.10/web/CController.php:484
Stack trace:
#0 /var/www/html/NetBeans/NHM/jacq-yii/yii-1.1.10/web/CController.php(271): CController->missingAction('livingPlant')
#1 /var/www/html/NetBeans/NHM/jacq-yii/yii-1.1.10/web/CWebApplication.php(276): CController->run('livingPlant')
#2 /var/www/html/NetBeans/NHM/jacq-yii/yii-1.1.10/web/CWebApplication.php(135): CWebApplication->runController('site/livingPlan...')
#3 /var/www/html/NetBeans/NHM/jacq-yii/yii-1.1.10/base/CApplication.php(162): CWebApplication->processRequest()
#4 /var/www/html/NetBeans/NHM/jacq-yii/index.php(13): CApplication->run()
#5 {main}
REQUEST_URI=/NetBeans/NHM/jacq-yii/index.php?r=site/livingPlant
HTTP_REFERER=http://192.168.56.101/NetBeans/NHM/jacq-yii/index.php
---
